2022/11/11 16:14:17 [INFO] Packer version: 1.8.4 [go1.18.5 linux amd64]
2022/11/11 16:14:17 Old default config directory found: /home/uroesch/.packer.d
2022/11/11 16:14:17 [TRACE] discovering plugins in /usr/bin
2022/11/11 16:14:17 Old default config directory found: /home/uroesch/.packer.d
2022/11/11 16:14:17 [TRACE] discovering plugins in /home/uroesch/.packer.d/plugins
2022/11/11 16:14:17 [TRACE] discovering plugins in .
2022/11/11 16:14:17 [INFO] PACKER_CONFIG env var not set; checking the default config file path
2022/11/11 16:14:17 [INFO] PACKER_CONFIG env var set; attempting to open config file: /home/uroesch/.packerconfig
2022/11/11 16:14:17 [WARN] Config file doesn't exist: /home/uroesch/.packerconfig
2022/11/11 16:14:17 Old default config directory found: /home/uroesch/.packer.d
2022/11/11 16:14:17 [INFO] Setting cache directory: /home/uroesch/.cache/packer
2022/11/11 16:14:17 Old default config directory found: /home/uroesch/.packer.d
2022/11/11 16:14:17 [TRACE] validateValue: not active for iso_base_url, so skipping
2022/11/11 16:14:17 [TRACE] validateValue: not active for repo_url, so skipping
2022/11/11 16:14:17 [TRACE] validateValue: not active for code_name, so skipping
2022/11/11 16:14:17 [TRACE] validateValue: not active for accelerator, so skipping
2022/11/11 16:14:17 [TRACE] validateValue: not active for cpu, so skipping
2022/11/11 16:14:17 [TRACE] validateValue: not active for headless, so skipping
2022/11/11 16:14:17 [TRACE] validateValue: not active for http_dir, so skipping
2022/11/11 16:14:17 [TRACE] validateValue: not active for firmware, so skipping
2022/11/11 16:14:17 [TRACE] validateValue: not active for iso_base_dir, so skipping
2022/11/11 16:14:17 [TRACE] validateValue: not active for answer_file, so skipping
2022/11/11 16:14:17 [TRACE] validateValue: not active for volume_id, so skipping
2022/11/11 16:14:17 [TRACE] validateValue: not active for name, so skipping
2022/11/11 16:14:17 [TRACE] validateValue: not active for version, so skipping
2022/11/11 16:14:17 [TRACE] validateValue: not active for version_minor, so skipping
2022/11/11 16:14:17 [TRACE] validateValue: not active for appstream_url, so skipping
2022/11/11 16:14:17 [TRACE] validateValue: not active for vg_name, so skipping
2022/11/11 16:14:17 [TRACE] validateValue: not active for target, so skipping
2022/11/11 16:14:17 [TRACE] validateValue: not active for ram, so skipping
2022/11/11 16:14:17 [TRACE] validateValue: not active for firmware_path, so skipping
2022/11/11 16:14:17 [TRACE] validateValue: not active for destination_dir, so skipping
2022/11/11 16:14:17 [TRACE] validateValue: not active for ssh_password, so skipping
2022/11/11 16:14:17 [TRACE] validateValue: not active for ssh_username, so skipping
2022/11/11 16:14:17 [TRACE] validateValue: not active for efi_boot_command, so skipping
2022/11/11 16:14:17 [TRACE] validateValue: not active for iso_file, so skipping
2022/11/11 16:14:17 [TRACE] validateValue: not active for root_password, so skipping
2022/11/11 16:14:17 [TRACE] validateValue: not active for bios_boot_command, so skipping
2022/11/11 16:14:17 [TRACE] validateValue: not active for qemuargs, so skipping
2022/11/11 16:14:17 [TRACE] Starting internal plugin packer-builder-qemu
2022/11/11 16:14:17 Starting plugin: /usr/bin/packer []string{"/usr/bin/packer", "plugin", "packer-builder-qemu"}
2022/11/11 16:14:17 Waiting for RPC address for: /usr/bin/packer
2022/11/11 16:14:17 packer-builder-qemu plugin: [INFO] Packer version: 1.8.4 [go1.18.5 linux amd64]
2022/11/11 16:14:17 packer-builder-qemu plugin: Old default config directory found: /home/uroesch/.packer.d
2022/11/11 16:14:17 packer-builder-qemu plugin: [INFO] PACKER_CONFIG env var not set; checking the default config file path
2022/11/11 16:14:17 packer-builder-qemu plugin: [INFO] PACKER_CONFIG env var set; attempting to open config file: /home/uroesch/.packerconfig
2022/11/11 16:14:17 packer-builder-qemu plugin: [WARN] Config file doesn't exist: /home/uroesch/.packerconfig
2022/11/11 16:14:17 packer-builder-qemu plugin: Old default config directory found: /home/uroesch/.packer.d
2022/11/11 16:14:17 packer-builder-qemu plugin: [INFO] Setting cache directory: /home/uroesch/.cache/packer
2022/11/11 16:14:17 packer-builder-qemu plugin: args: []string{"packer-builder-qemu"}
2022/11/11 16:14:17 packer-builder-qemu plugin: Old default config directory found: /home/uroesch/.packer.d
2022/11/11 16:14:17 packer-builder-qemu plugin: Plugin address: unix /tmp/packer-plugin1718010260
2022/11/11 16:14:17 packer-builder-qemu plugin: Waiting for connection...
2022/11/11 16:14:17 Received unix RPC address for /usr/bin/packer: addr is /tmp/packer-plugin1718010260
2022/11/11 16:14:17 packer-builder-qemu plugin: Serving a plugin connection...
2022/11/11 16:14:17 packer-builder-qemu plugin: use specified accelerator: kvm
2022/11/11 16:14:17 [TRACE] Starting internal plugin packer-provisioner-ansible
2022/11/11 16:14:17 Starting plugin: /usr/bin/packer []string{"/usr/bin/packer", "plugin", "packer-provisioner-ansible"}
2022/11/11 16:14:17 Waiting for RPC address for: /usr/bin/packer
2022/11/11 16:14:17 packer-provisioner-ansible plugin: [INFO] Packer version: 1.8.4 [go1.18.5 linux amd64]
2022/11/11 16:14:17 packer-provisioner-ansible plugin: Old default config directory found: /home/uroesch/.packer.d
2022/11/11 16:14:17 packer-provisioner-ansible plugin: [INFO] PACKER_CONFIG env var not set; checking the default config file path
2022/11/11 16:14:17 packer-provisioner-ansible plugin: [INFO] PACKER_CONFIG env var set; attempting to open config file: /home/uroesch/.packerconfig
2022/11/11 16:14:17 packer-provisioner-ansible plugin: [WARN] Config file doesn't exist: /home/uroesch/.packerconfig
2022/11/11 16:14:17 packer-provisioner-ansible plugin: Old default config directory found: /home/uroesch/.packer.d
2022/11/11 16:14:17 packer-provisioner-ansible plugin: [INFO] Setting cache directory: /home/uroesch/.cache/packer
2022/11/11 16:14:17 packer-provisioner-ansible plugin: args: []string{"packer-provisioner-ansible"}
2022/11/11 16:14:17 packer-provisioner-ansible plugin: Old default config directory found: /home/uroesch/.packer.d
2022/11/11 16:14:17 packer-provisioner-ansible plugin: Plugin address: unix /tmp/packer-plugin197853285
2022/11/11 16:14:17 packer-provisioner-ansible plugin: Waiting for connection...
2022/11/11 16:14:17 Received unix RPC address for /usr/bin/packer: addr is /tmp/packer-plugin197853285
2022/11/11 16:14:17 packer-provisioner-ansible plugin: Serving a plugin connection...
2022/11/11 16:14:17 packer-provisioner-ansible plugin: ansible-playbook version: 2.10.8
2022/11/11 16:14:17 [TRACE] Starting internal plugin packer-post-processor-shell-local
2022/11/11 16:14:17 Starting plugin: /usr/bin/packer []string{"/usr/bin/packer", "plugin", "packer-post-processor-shell-local"}
2022/11/11 16:14:17 Waiting for RPC address for: /usr/bin/packer
2022/11/11 16:14:18 packer-post-processor-shell-local plugin: [INFO] Packer version: 1.8.4 [go1.18.5 linux amd64]
2022/11/11 16:14:18 packer-post-processor-shell-local plugin: Old default config directory found: /home/uroesch/.packer.d
2022/11/11 16:14:18 packer-post-processor-shell-local plugin: [INFO] PACKER_CONFIG env var not set; checking the default config file path
2022/11/11 16:14:18 packer-post-processor-shell-local plugin: [INFO] PACKER_CONFIG env var set; attempting to open config file: /home/uroesch/.packerconfig
2022/11/11 16:14:18 packer-post-processor-shell-local plugin: [WARN] Config file doesn't exist: /home/uroesch/.packerconfig
2022/11/11 16:14:18 packer-post-processor-shell-local plugin: Old default config directory found: /home/uroesch/.packer.d
2022/11/11 16:14:18 packer-post-processor-shell-local plugin: [INFO] Setting cache directory: /home/uroesch/.cache/packer
2022/11/11 16:14:18 packer-post-processor-shell-local plugin: args: []string{"packer-post-processor-shell-local"}
2022/11/11 16:14:18 packer-post-processor-shell-local plugin: Old default config directory found: /home/uroesch/.packer.d
2022/11/11 16:14:18 packer-post-processor-shell-local plugin: Plugin address: unix /tmp/packer-plugin3336952004
2022/11/11 16:14:18 Received unix RPC address for /usr/bin/packer: addr is /tmp/packer-plugin3336952004
2022/11/11 16:14:18 packer-post-processor-shell-local plugin: Waiting for connection...
2022/11/11 16:14:18 packer-post-processor-shell-local plugin: Serving a plugin connection...
2022/11/11 16:14:18 [TRACE] Starting internal plugin packer-post-processor-shell-local
2022/11/11 16:14:18 Starting plugin: /usr/bin/packer []string{"/usr/bin/packer", "plugin", "packer-post-processor-shell-local"}
2022/11/11 16:14:18 Waiting for RPC address for: /usr/bin/packer
2022/11/11 16:14:18 packer-post-processor-shell-local plugin: [INFO] Packer version: 1.8.4 [go1.18.5 linux amd64]
2022/11/11 16:14:18 packer-post-processor-shell-local plugin: Old default config directory found: /home/uroesch/.packer.d
2022/11/11 16:14:18 packer-post-processor-shell-local plugin: [INFO] PACKER_CONFIG env var not set; checking the default config file path
2022/11/11 16:14:18 packer-post-processor-shell-local plugin: [INFO] PACKER_CONFIG env var set; attempting to open config file: /home/uroesch/.packerconfig
2022/11/11 16:14:18 packer-post-processor-shell-local plugin: [WARN] Config file doesn't exist: /home/uroesch/.packerconfig
2022/11/11 16:14:18 packer-post-processor-shell-local plugin: Old default config directory found: /home/uroesch/.packer.d
2022/11/11 16:14:18 packer-post-processor-shell-local plugin: [INFO] Setting cache directory: /home/uroesch/.cache/packer
2022/11/11 16:14:18 packer-post-processor-shell-local plugin: args: []string{"packer-post-processor-shell-local"}
2022/11/11 16:14:18 packer-post-processor-shell-local plugin: Old default config directory found: /home/uroesch/.packer.d
2022/11/11 16:14:18 packer-post-processor-shell-local plugin: Plugin address: unix /tmp/packer-plugin2828191109
2022/11/11 16:14:18 packer-post-processor-shell-local plugin: Waiting for connection...
2022/11/11 16:14:18 Received unix RPC address for /usr/bin/packer: addr is /tmp/packer-plugin2828191109
2022/11/11 16:14:18 packer-post-processor-shell-local plugin: Serving a plugin connection...
2022/11/11 16:14:18 ui: [1;32mqemu.base: output will be in this color.[0m
2022/11/11 16:14:18 ui: 
2022/11/11 16:14:18 Build debug mode: false
2022/11/11 16:14:18 Force build: false
2022/11/11 16:14:18 On error: 
2022/11/11 16:14:18 Parallelization disabled, waiting for build to finish: qemu.base
2022/11/11 16:14:18 Starting build run: qemu.base
2022/11/11 16:14:18 Running builder: 
2022/11/11 16:14:18 [INFO] (telemetry) Starting builder qemu.base
2022/11/11 16:14:18 packer-builder-qemu plugin: Qemu path: /usr/bin/qemu-system-x86_64, Qemu Image path: /usr/bin/qemu-img
2022/11/11 16:14:18 ui: [1;32m==> qemu.base: Retrieving ISO[0m
2022/11/11 16:14:18 ui: [1;32m==> qemu.base: Trying packer/../iso/ubuntu_22.10/ubuntu-22.10-live-server-amd64.iso[0m
2022/11/11 16:14:18 packer-builder-qemu plugin: Acquiring lock for: packer/../iso/ubuntu_22.10/ubuntu-22.10-live-server-amd64.iso?checksum=sha256%3A874452797430a94ca240c95d8503035aa145bd03ef7d84f9b23b78f3c5099aed (/home/uroesch/.cache/packer/81bd042e7847527180c2e6788b437560656b757f.iso.lock)
2022/11/11 16:14:18 ui: [1;32m==> qemu.base: Trying packer/../iso/ubuntu_22.10/ubuntu-22.10-live-server-amd64.iso?checksum=sha256%3A874452797430a94ca240c95d8503035aa145bd03ef7d84f9b23b78f3c5099aed[0m
2022/11/11 16:14:21 ui: [1;32m==> qemu.base: packer/../iso/ubuntu_22.10/ubuntu-22.10-live-server-amd64.iso?checksum=sha256%3A874452797430a94ca240c95d8503035aa145bd03ef7d84f9b23b78f3c5099aed => /home/uroesch/var/work/github/packer-linux/iso/ubuntu_22.10/ubuntu-22.10-live-server-amd64.iso[0m
2022/11/11 16:14:21 packer-builder-qemu plugin: Leaving retrieve loop for ISO
2022/11/11 16:14:21 packer-builder-qemu plugin: No floppy files specified. Floppy disk will not be made.
2022/11/11 16:14:21 packer-builder-qemu plugin: No CD files specified. CD disk will not be made.
2022/11/11 16:14:21 packer-builder-qemu plugin: [INFO] Creating disk with Path: artifacts/qemu/ubuntu_22.10-pcidss/packer-linux_base_image and Size: 71680M
2022/11/11 16:14:21 packer-builder-qemu plugin: Executing qemu-img: []string{"create", "-f", "qcow2", "artifacts/qemu/ubuntu_22.10-pcidss/packer-linux_base_image", "71680M"}
2022/11/11 16:14:21 packer-builder-qemu plugin: stdout: Formatting 'artifacts/qemu/ubuntu_22.10-pcidss/packer-linux_base_image', fmt=qcow2 cluster_size=65536 extended_l2=off compression_type=zlib size=75161927680 lazy_refcounts=off refcount_bits=16
2022/11/11 16:14:21 packer-builder-qemu plugin: stderr:
2022/11/11 16:14:21 packer-builder-qemu plugin: Found available port: 8342 on IP: 0.0.0.0
2022/11/11 16:14:21 ui: [1;32m==> qemu.base: Starting HTTP server on port 8342[0m
2022/11/11 16:14:21 packer-builder-qemu plugin: Looking for available communicator (SSH, WinRM, etc) port between 2222 and 4444
2022/11/11 16:14:21 packer-builder-qemu plugin: Found available port: 3225 on IP: 127.0.0.1
2022/11/11 16:14:21 ui: [1;32m==> qemu.base: Found port for communicator (SSH, WinRM, etc): 3225.[0m
2022/11/11 16:14:21 ui: [1;32m==> qemu.base: Looking for available port between 5900 and 6000 on 127.0.0.1[0m
2022/11/11 16:14:21 packer-builder-qemu plugin: Looking for available port between 5900 and 6000 on 127.0.0.1
2022/11/11 16:14:21 packer-builder-qemu plugin: Found available port: 5922 on IP: 127.0.0.1
2022/11/11 16:14:21 packer-builder-qemu plugin: Found available VNC port: 5922 on IP: 127.0.0.1
2022/11/11 16:14:21 packer-builder-qemu plugin: Qemu --version output: QEMU emulator version 6.2.0 (Debian 1:6.2+dfsg-2ubuntu6.5)
2022/11/11 16:14:21 packer-builder-qemu plugin: Copyright (c) 2003-2021 Fabrice Bellard and the QEMU Project developers
2022/11/11 16:14:21 packer-builder-qemu plugin: Qemu version: 6.2.0
2022/11/11 16:14:21 ui: [1;32m==> qemu.base: Starting VM, booting from CD-ROM[0m
2022/11/11 16:14:21 ui: [0;32m    qemu.base: The VM will be run headless, without a GUI. If you want to
    qemu.base: view the screen of the VM, connect via VNC without a password to
    qemu.base: vnc://127.0.0.1:5922[0m
2022/11/11 16:14:21 packer-builder-qemu plugin: Qemu Builder has no floppy files, not attaching a floppy.
2022/11/11 16:14:21 ui: [1;32m==> qemu.base: Overriding default Qemu arguments with qemuargs template option...[0m
2022/11/11 16:14:21 packer-builder-qemu plugin: Executing /usr/bin/qemu-system-x86_64: []string{"-boot", "once=d", "-vga", "qxl", "-drive", "file=artifacts/qemu/ubuntu_22.10-pcidss/packer-linux_base_image,if=virtio,cache=none,discard=unmap,format=qcow2", "-drive", "file=/home/uroesch/var/work/github/packer-linux/iso/ubuntu_22.10/ubuntu-22.10-live-server-amd64.iso,media=cdrom", "-name", "packer-linux_base_image", "-m", "2048M", "-smp", "cpus=2,sockets=2", "-vnc", "127.0.0.1:22", "-machine", "type=pc,accel=kvm", "-bios", "/usr/share/qemu/OVMF.fd", "-netdev", "user,id=user.0,hostfwd=tcp::3225-:22", "-device", "virtio-net,netdev=user.0"}
2022/11/11 16:14:21 packer-builder-qemu plugin: Started Qemu. Pid: 2316488
2022/11/11 16:14:21 packer-builder-qemu plugin: Qemu stderr: qemu-system-x86_64: warning: host doesn't support requested feature: CPUID.80000001H:ECX.svm [bit 2]
2022/11/11 16:14:21 packer-builder-qemu plugin: Qemu stderr: qemu-system-x86_64: warning: host doesn't support requested feature: CPUID.80000001H:ECX.svm [bit 2]
2022/11/11 16:14:23 ui: [1;32m==> qemu.base: Waiting 3s for boot...[0m
2022/11/11 16:14:26 ui: [1;32m==> qemu.base: Connecting to VM via VNC (127.0.0.1:5922)[0m
2022/11/11 16:14:26 packer-builder-qemu plugin: Connected to VNC desktop: QEMU (packer-linux_base_image)
2022/11/11 16:14:26 ui: [1;32m==> qemu.base: Typing the boot command over VNC...[0m
2022/11/11 16:14:26 packer-builder-qemu plugin: Sending char 'c', code 0x63, shift false
2022/11/11 16:14:27 packer-builder-qemu plugin: Special code '<enter>' found, replacing with: 0xFF0D
2022/11/11 16:14:27 packer-builder-qemu plugin: [INFO] Waiting 1s
2022/11/11 16:14:28 packer-builder-qemu plugin: Sending char 'l', code 0x6C, shift false
2022/11/11 16:14:28 packer-builder-qemu plugin: Sending char 'i', code 0x69, shift false
2022/11/11 16:14:28 packer-builder-qemu plugin: Sending char 'n', code 0x6E, shift false
2022/11/11 16:14:28 packer-builder-qemu plugin: Sending char 'u', code 0x75, shift false
2022/11/11 16:14:29 packer-builder-qemu plugin: Sending char 'x', code 0x78, shift false
2022/11/11 16:14:29 packer-builder-qemu plugin: Sending char 'e', code 0x65, shift false
2022/11/11 16:14:29 packer-builder-qemu plugin: Sending char 'f', code 0x66, shift false
2022/11/11 16:14:29 packer-builder-qemu plugin: Sending char 'i', code 0x69, shift false
2022/11/11 16:14:29 packer-builder-qemu plugin: Sending char ' ', code 0x20, shift false
2022/11/11 16:14:30 packer-builder-qemu plugin: Sending char '/', code 0x2F, shift false
2022/11/11 16:14:30 packer-builder-qemu plugin: Sending char 'c', code 0x63, shift false
2022/11/11 16:14:30 packer-builder-qemu plugin: Sending char 'a', code 0x61, shift false
2022/11/11 16:14:30 packer-builder-qemu plugin: Sending char 's', code 0x73, shift false
2022/11/11 16:14:30 packer-builder-qemu plugin: Sending char 'p', code 0x70, shift false
2022/11/11 16:14:31 packer-builder-qemu plugin: Sending char 'e', code 0x65, shift false
2022/11/11 16:14:31 packer-builder-qemu plugin: Sending char 'r', code 0x72, shift false
2022/11/11 16:14:31 packer-builder-qemu plugin: Sending char '/', code 0x2F, shift false
2022/11/11 16:14:31 packer-builder-qemu plugin: Sending char 'v', code 0x76, shift false
2022/11/11 16:14:31 packer-builder-qemu plugin: Sending char 'm', code 0x6D, shift false
2022/11/11 16:14:32 packer-builder-qemu plugin: Sending char 'l', code 0x6C, shift false
2022/11/11 16:14:32 packer-builder-qemu plugin: Sending char 'i', code 0x69, shift false
2022/11/11 16:14:32 packer-builder-qemu plugin: Sending char 'n', code 0x6E, shift false
2022/11/11 16:14:32 packer-builder-qemu plugin: Sending char 'u', code 0x75, shift false
2022/11/11 16:14:32 packer-builder-qemu plugin: Sending char 'z', code 0x7A, shift false
2022/11/11 16:14:33 packer-builder-qemu plugin: Sending char ' ', code 0x20, shift false
2022/11/11 16:14:33 packer-builder-qemu plugin: Sending char 'q', code 0x71, shift false
2022/11/11 16:14:33 packer-builder-qemu plugin: Sending char 'u', code 0x75, shift false
2022/11/11 16:14:33 packer-builder-qemu plugin: Sending char 'i', code 0x69, shift false
2022/11/11 16:14:33 packer-builder-qemu plugin: Sending char 'e', code 0x65, shift false
2022/11/11 16:14:34 packer-builder-qemu plugin: Sending char 't', code 0x74, shift false
2022/11/11 16:14:34 packer-builder-qemu plugin: Sending char ' ', code 0x20, shift false
2022/11/11 16:14:34 packer-builder-qemu plugin: Sending char 'a', code 0x61, shift false
2022/11/11 16:14:34 packer-builder-qemu plugin: Sending char 'u', code 0x75, shift false
2022/11/11 16:14:34 packer-builder-qemu plugin: Sending char 't', code 0x74, shift false
2022/11/11 16:14:35 packer-builder-qemu plugin: Sending char 'o', code 0x6F, shift false
2022/11/11 16:14:35 packer-builder-qemu plugin: Sending char 'i', code 0x69, shift false
2022/11/11 16:14:35 packer-builder-qemu plugin: Sending char 'n', code 0x6E, shift false
2022/11/11 16:14:35 packer-builder-qemu plugin: Sending char 's', code 0x73, shift false
2022/11/11 16:14:35 packer-builder-qemu plugin: Sending char 't', code 0x74, shift false
2022/11/11 16:14:36 packer-builder-qemu plugin: Sending char 'a', code 0x61, shift false
2022/11/11 16:14:36 packer-builder-qemu plugin: Sending char 'l', code 0x6C, shift false
2022/11/11 16:14:36 packer-builder-qemu plugin: Sending char 'l', code 0x6C, shift false
2022/11/11 16:14:36 packer-builder-qemu plugin: Sending char ' ', code 0x20, shift false
2022/11/11 16:14:36 packer-builder-qemu plugin: Sending char 'n', code 0x6E, shift false
2022/11/11 16:14:37 packer-builder-qemu plugin: Sending char 'e', code 0x65, shift false
2022/11/11 16:14:37 packer-builder-qemu plugin: Sending char 't', code 0x74, shift false
2022/11/11 16:14:37 packer-builder-qemu plugin: Sending char '.', code 0x2E, shift false
2022/11/11 16:14:37 packer-builder-qemu plugin: Sending char 'i', code 0x69, shift false
2022/11/11 16:14:37 packer-builder-qemu plugin: Sending char 'f', code 0x66, shift false
2022/11/11 16:14:38 packer-builder-qemu plugin: Sending char 'n', code 0x6E, shift false
2022/11/11 16:14:38 packer-builder-qemu plugin: Sending char 'a', code 0x61, shift false
2022/11/11 16:14:38 packer-builder-qemu plugin: Sending char 'm', code 0x6D, shift false
2022/11/11 16:14:38 packer-builder-qemu plugin: Sending char 'e', code 0x65, shift false
2022/11/11 16:14:38 packer-builder-qemu plugin: Sending char 's', code 0x73, shift false
2022/11/11 16:14:39 packer-builder-qemu plugin: Sending char '=', code 0x3D, shift false
2022/11/11 16:14:39 packer-builder-qemu plugin: Sending char '0', code 0x30, shift false
2022/11/11 16:14:39 packer-builder-qemu plugin: Sending char ' ', code 0x20, shift false
2022/11/11 16:14:39 packer-builder-qemu plugin: Sending char 'b', code 0x62, shift false
2022/11/11 16:14:39 packer-builder-qemu plugin: Sending char 'i', code 0x69, shift false
2022/11/11 16:14:40 packer-builder-qemu plugin: Sending char 'o', code 0x6F, shift false
2022/11/11 16:14:40 packer-builder-qemu plugin: Sending char 's', code 0x73, shift false
2022/11/11 16:14:40 packer-builder-qemu plugin: Sending char 'd', code 0x64, shift false
2022/11/11 16:14:40 packer-builder-qemu plugin: Sending char 'e', code 0x65, shift false
2022/11/11 16:14:40 packer-builder-qemu plugin: Sending char 'v', code 0x76, shift false
2022/11/11 16:14:41 packer-builder-qemu plugin: Sending char 'n', code 0x6E, shift false
2022/11/11 16:14:41 packer-builder-qemu plugin: Sending char 'a', code 0x61, shift false
2022/11/11 16:14:41 packer-builder-qemu plugin: Sending char 'm', code 0x6D, shift false
2022/11/11 16:14:41 packer-builder-qemu plugin: Sending char 'e', code 0x65, shift false
2022/11/11 16:14:41 packer-builder-qemu plugin: Sending char '=', code 0x3D, shift false
2022/11/11 16:14:42 packer-builder-qemu plugin: Sending char '0', code 0x30, shift false
2022/11/11 16:14:42 packer-builder-qemu plugin: Sending char ' ', code 0x20, shift false
2022/11/11 16:14:42 packer-builder-qemu plugin: Sending char 'i', code 0x69, shift false
2022/11/11 16:14:42 packer-builder-qemu plugin: Sending char 'p', code 0x70, shift false
2022/11/11 16:14:42 packer-builder-qemu plugin: Sending char '=', code 0x3D, shift false
2022/11/11 16:14:43 packer-builder-qemu plugin: Sending char 'd', code 0x64, shift false
2022/11/11 16:14:43 packer-builder-qemu plugin: Sending char 'h', code 0x68, shift false
2022/11/11 16:14:43 packer-builder-qemu plugin: Sending char 'c', code 0x63, shift false
2022/11/11 16:14:43 packer-builder-qemu plugin: Sending char 'p', code 0x70, shift false
2022/11/11 16:14:43 packer-builder-qemu plugin: Sending char ' ', code 0x20, shift false
2022/11/11 16:14:44 packer-builder-qemu plugin: Sending char 'i', code 0x69, shift false
2022/11/11 16:14:44 packer-builder-qemu plugin: Sending char 'p', code 0x70, shift false
2022/11/11 16:14:44 packer-builder-qemu plugin: Sending char 'v', code 0x76, shift false
2022/11/11 16:14:44 packer-builder-qemu plugin: Sending char '6', code 0x36, shift false
2022/11/11 16:14:44 packer-builder-qemu plugin: Sending char '.', code 0x2E, shift false
2022/11/11 16:14:45 packer-builder-qemu plugin: Sending char 'd', code 0x64, shift false
2022/11/11 16:14:45 packer-builder-qemu plugin: Sending char 'i', code 0x69, shift false
2022/11/11 16:14:45 packer-builder-qemu plugin: Sending char 's', code 0x73, shift false
2022/11/11 16:14:45 packer-builder-qemu plugin: Sending char 'a', code 0x61, shift false
2022/11/11 16:14:45 packer-builder-qemu plugin: Sending char 'b', code 0x62, shift false
2022/11/11 16:14:46 packer-builder-qemu plugin: Sending char 'l', code 0x6C, shift false
2022/11/11 16:14:46 packer-builder-qemu plugin: Sending char 'e', code 0x65, shift false
2022/11/11 16:14:46 packer-builder-qemu plugin: Sending char '=', code 0x3D, shift false
2022/11/11 16:14:46 packer-builder-qemu plugin: Sending char '1', code 0x31, shift false
2022/11/11 16:14:46 packer-builder-qemu plugin: Sending char ' ', code 0x20, shift false
2022/11/11 16:14:47 packer-builder-qemu plugin: Sending char 'd', code 0x64, shift false
2022/11/11 16:14:47 packer-builder-qemu plugin: Sending char 's', code 0x73, shift false
2022/11/11 16:14:47 packer-builder-qemu plugin: Sending char '=', code 0x3D, shift false
2022/11/11 16:14:47 packer-builder-qemu plugin: Sending char 'n', code 0x6E, shift false
2022/11/11 16:14:47 packer-builder-qemu plugin: Sending char 'o', code 0x6F, shift false
2022/11/11 16:14:48 packer-builder-qemu plugin: Sending char 'c', code 0x63, shift false
2022/11/11 16:14:48 packer-builder-qemu plugin: Sending char 'l', code 0x6C, shift false
2022/11/11 16:14:48 packer-builder-qemu plugin: Sending char 'o', code 0x6F, shift false
2022/11/11 16:14:48 packer-builder-qemu plugin: Sending char 'u', code 0x75, shift false
2022/11/11 16:14:48 packer-builder-qemu plugin: Sending char 'd', code 0x64, shift false
2022/11/11 16:14:49 packer-builder-qemu plugin: Sending char '-', code 0x2D, shift false
2022/11/11 16:14:49 packer-builder-qemu plugin: Sending char 'n', code 0x6E, shift false
2022/11/11 16:14:49 packer-builder-qemu plugin: Sending char 'e', code 0x65, shift false
2022/11/11 16:14:49 packer-builder-qemu plugin: Sending char 't', code 0x74, shift false
2022/11/11 16:14:49 packer-builder-qemu plugin: Sending char '\', code 0x5C, shift false
2022/11/11 16:14:50 packer-builder-qemu plugin: Sending char ';', code 0x3B, shift false
2022/11/11 16:14:50 packer-builder-qemu plugin: Sending char 's', code 0x73, shift false
2022/11/11 16:14:50 packer-builder-qemu plugin: Sending char '=', code 0x3D, shift false
2022/11/11 16:14:50 packer-builder-qemu plugin: Sending char 'h', code 0x68, shift false
2022/11/11 16:14:50 packer-builder-qemu plugin: Sending char 't', code 0x74, shift false
2022/11/11 16:14:51 packer-builder-qemu plugin: Sending char 't', code 0x74, shift false
2022/11/11 16:14:51 packer-builder-qemu plugin: Sending char 'p', code 0x70, shift false
2022/11/11 16:14:51 packer-builder-qemu plugin: Sending char ':', code 0x3A, shift true
2022/11/11 16:14:51 packer-builder-qemu plugin: Sending char '/', code 0x2F, shift false
2022/11/11 16:14:52 packer-builder-qemu plugin: Sending char '/', code 0x2F, shift false
2022/11/11 16:14:52 packer-builder-qemu plugin: Sending char '1', code 0x31, shift false
2022/11/11 16:14:52 packer-builder-qemu plugin: Sending char '0', code 0x30, shift false
2022/11/11 16:14:52 packer-builder-qemu plugin: Sending char '.', code 0x2E, shift false
2022/11/11 16:14:52 packer-builder-qemu plugin: Sending char '0', code 0x30, shift false
2022/11/11 16:14:53 packer-builder-qemu plugin: Sending char '.', code 0x2E, shift false
2022/11/11 16:14:53 packer-builder-qemu plugin: Sending char '2', code 0x32, shift false
2022/11/11 16:14:53 packer-builder-qemu plugin: Sending char '.', code 0x2E, shift false
2022/11/11 16:14:53 packer-builder-qemu plugin: Sending char '2', code 0x32, shift false
2022/11/11 16:14:53 packer-builder-qemu plugin: Sending char ':', code 0x3A, shift true
2022/11/11 16:14:54 packer-builder-qemu plugin: Sending char '8', code 0x38, shift false
2022/11/11 16:14:54 packer-builder-qemu plugin: Sending char '3', code 0x33, shift false
2022/11/11 16:14:54 packer-builder-qemu plugin: Sending char '4', code 0x34, shift false
2022/11/11 16:14:54 packer-builder-qemu plugin: Sending char '2', code 0x32, shift false
2022/11/11 16:14:55 packer-builder-qemu plugin: Sending char '/', code 0x2F, shift false
2022/11/11 16:14:55 packer-builder-qemu plugin: Sending char 'u', code 0x75, shift false
2022/11/11 16:14:55 packer-builder-qemu plugin: Sending char 'b', code 0x62, shift false
2022/11/11 16:14:55 packer-builder-qemu plugin: Sending char 'u', code 0x75, shift false
2022/11/11 16:14:55 packer-builder-qemu plugin: Sending char 'n', code 0x6E, shift false
2022/11/11 16:14:56 packer-builder-qemu plugin: Sending char 't', code 0x74, shift false
2022/11/11 16:14:56 packer-builder-qemu plugin: Sending char 'u', code 0x75, shift false
2022/11/11 16:14:56 packer-builder-qemu plugin: Sending char '_', code 0x5F, shift true
2022/11/11 16:14:56 packer-builder-qemu plugin: Sending char '2', code 0x32, shift false
2022/11/11 16:14:57 packer-builder-qemu plugin: Sending char '2', code 0x32, shift false
2022/11/11 16:14:57 packer-builder-qemu plugin: Sending char '.', code 0x2E, shift false
2022/11/11 16:14:57 packer-builder-qemu plugin: Sending char '1', code 0x31, shift false
2022/11/11 16:14:57 packer-builder-qemu plugin: Sending char '0', code 0x30, shift false
2022/11/11 16:14:57 packer-builder-qemu plugin: Sending char '/', code 0x2F, shift false
2022/11/11 16:14:58 packer-builder-qemu plugin: Sending char ' ', code 0x20, shift false
2022/11/11 16:14:58 packer-builder-qemu plugin: Sending char '-', code 0x2D, shift false
2022/11/11 16:14:58 packer-builder-qemu plugin: Sending char '-', code 0x2D, shift false
2022/11/11 16:14:58 packer-builder-qemu plugin: Sending char '-', code 0x2D, shift false
2022/11/11 16:14:58 packer-builder-qemu plugin: Sending char '-', code 0x2D, shift false
2022/11/11 16:14:59 packer-builder-qemu plugin: Sending char ' ', code 0x20, shift false
2022/11/11 16:14:59 packer-builder-qemu plugin: Sending char ';', code 0x3B, shift false
2022/11/11 16:14:59 packer-builder-qemu plugin: Sending char ' ', code 0x20, shift false
2022/11/11 16:14:59 packer-builder-qemu plugin: Sending char 'i', code 0x69, shift false
2022/11/11 16:14:59 packer-builder-qemu plugin: Sending char 'n', code 0x6E, shift false
2022/11/11 16:15:00 packer-builder-qemu plugin: Sending char 's', code 0x73, shift false
2022/11/11 16:15:00 packer-builder-qemu plugin: Sending char 't', code 0x74, shift false
2022/11/11 16:15:00 packer-builder-qemu plugin: Sending char '.', code 0x2E, shift false
2022/11/11 16:15:00 packer-builder-qemu plugin: Sending char 's', code 0x73, shift false
2022/11/11 16:15:00 packer-builder-qemu plugin: Sending char 't', code 0x74, shift false
2022/11/11 16:15:01 packer-builder-qemu plugin: Sending char 'a', code 0x61, shift false
2022/11/11 16:15:01 packer-builder-qemu plugin: Sending char 'g', code 0x67, shift false
2022/11/11 16:15:01 packer-builder-qemu plugin: Sending char 'e', code 0x65, shift false
2022/11/11 16:15:01 packer-builder-qemu plugin: Sending char '2', code 0x32, shift false
2022/11/11 16:15:01 packer-builder-qemu plugin: Sending char '=', code 0x3D, shift false
2022/11/11 16:15:02 packer-builder-qemu plugin: Sending char 'h', code 0x68, shift false
2022/11/11 16:15:02 packer-builder-qemu plugin: Sending char 'd', code 0x64, shift false
2022/11/11 16:15:02 packer-builder-qemu plugin: Sending char ':', code 0x3A, shift true
2022/11/11 16:15:02 packer-builder-qemu plugin: Sending char 'L', code 0x4C, shift true
2022/11/11 16:15:03 packer-builder-qemu plugin: Sending char 'A', code 0x41, shift true
2022/11/11 16:15:03 packer-builder-qemu plugin: Sending char 'B', code 0x42, shift true
2022/11/11 16:15:04 packer-builder-qemu plugin: Sending char 'E', code 0x45, shift true
2022/11/11 16:15:04 packer-builder-qemu plugin: Sending char 'L', code 0x4C, shift true
2022/11/11 16:15:04 packer-builder-qemu plugin: Sending char '=', code 0x3D, shift false
2022/11/11 16:15:05 packer-builder-qemu plugin: Sending char 'U', code 0x55, shift true
2022/11/11 16:15:05 packer-builder-qemu plugin: Sending char 'b', code 0x62, shift false
2022/11/11 16:15:05 packer-builder-qemu plugin: Sending char 'u', code 0x75, shift false
2022/11/11 16:15:05 packer-builder-qemu plugin: Sending char 'n', code 0x6E, shift false
2022/11/11 16:15:06 packer-builder-qemu plugin: Sending char 't', code 0x74, shift false
2022/11/11 16:15:06 packer-builder-qemu plugin: Sending char 'u', code 0x75, shift false
2022/11/11 16:15:06 packer-builder-qemu plugin: Sending char '-', code 0x2D, shift false
2022/11/11 16:15:06 packer-builder-qemu plugin: Sending char 'S', code 0x53, shift true
2022/11/11 16:15:07 packer-builder-qemu plugin: Sending char 'e', code 0x65, shift false
2022/11/11 16:15:07 packer-builder-qemu plugin: Sending char 'r', code 0x72, shift false
2022/11/11 16:15:07 packer-builder-qemu plugin: Sending char 'v', code 0x76, shift false
2022/11/11 16:15:07 packer-builder-qemu plugin: Sending char 'e', code 0x65, shift false
2022/11/11 16:15:07 packer-builder-qemu plugin: Sending char 'r', code 0x72, shift false
2022/11/11 16:15:08 packer-builder-qemu plugin: Sending char '\', code 0x5C, shift false
2022/11/11 16:15:08 packer-builder-qemu plugin: Sending char 'x', code 0x78, shift false
2022/11/11 16:15:08 packer-builder-qemu plugin: Sending char '2', code 0x32, shift false
2022/11/11 16:15:08 packer-builder-qemu plugin: Sending char '0', code 0x30, shift false
2022/11/11 16:15:08 packer-builder-qemu plugin: Sending char '2', code 0x32, shift false
2022/11/11 16:15:09 packer-builder-qemu plugin: Sending char '2', code 0x32, shift false
2022/11/11 16:15:09 packer-builder-qemu plugin: Sending char '.', code 0x2E, shift false
2022/11/11 16:15:09 packer-builder-qemu plugin: Sending char '1', code 0x31, shift false
2022/11/11 16:15:09 packer-builder-qemu plugin: Sending char '0', code 0x30, shift false
2022/11/11 16:15:09 packer-builder-qemu plugin: Sending char '\', code 0x5C, shift false
2022/11/11 16:15:10 packer-builder-qemu plugin: Sending char 'x', code 0x78, shift false
2022/11/11 16:15:10 packer-builder-qemu plugin: Sending char '2', code 0x32, shift false
2022/11/11 16:15:10 packer-builder-qemu plugin: Sending char '0', code 0x30, shift false
2022/11/11 16:15:10 packer-builder-qemu plugin: Sending char 'a', code 0x61, shift false
2022/11/11 16:15:10 packer-builder-qemu plugin: Sending char 'm', code 0x6D, shift false
2022/11/11 16:15:11 packer-builder-qemu plugin: Sending char 'd', code 0x64, shift false
2022/11/11 16:15:11 packer-builder-qemu plugin: Sending char '6', code 0x36, shift false
2022/11/11 16:15:11 packer-builder-qemu plugin: Sending char '4', code 0x34, shift false
2022/11/11 16:15:11 packer-builder-qemu plugin: Sending char ' ', code 0x20, shift false
2022/11/11 16:15:11 packer-builder-qemu plugin: Special code '<enter>' found, replacing with: 0xFF0D
2022/11/11 16:15:12 packer-builder-qemu plugin: [INFO] Waiting 2s
2022/11/11 16:15:14 packer-builder-qemu plugin: Sending char 'i', code 0x69, shift false
2022/11/11 16:15:14 packer-builder-qemu plugin: Sending char 'n', code 0x6E, shift false
2022/11/11 16:15:14 packer-builder-qemu plugin: Sending char 'i', code 0x69, shift false
2022/11/11 16:15:14 packer-builder-qemu plugin: Sending char 't', code 0x74, shift false
2022/11/11 16:15:14 packer-builder-qemu plugin: Sending char 'r', code 0x72, shift false
2022/11/11 16:15:15 packer-builder-qemu plugin: Sending char 'd', code 0x64, shift false
2022/11/11 16:15:15 packer-builder-qemu plugin: Sending char 'e', code 0x65, shift false
2022/11/11 16:15:15 packer-builder-qemu plugin: Sending char 'f', code 0x66, shift false
2022/11/11 16:15:15 packer-builder-qemu plugin: Sending char 'i', code 0x69, shift false
2022/11/11 16:15:15 packer-builder-qemu plugin: Sending char ' ', code 0x20, shift false
2022/11/11 16:15:16 packer-builder-qemu plugin: Sending char '/', code 0x2F, shift false
2022/11/11 16:15:16 packer-builder-qemu plugin: Sending char 'c', code 0x63, shift false
2022/11/11 16:15:16 packer-builder-qemu plugin: Sending char 'a', code 0x61, shift false
2022/11/11 16:15:16 packer-builder-qemu plugin: Sending char 's', code 0x73, shift false
2022/11/11 16:15:16 packer-builder-qemu plugin: Sending char 'p', code 0x70, shift false
2022/11/11 16:15:17 packer-builder-qemu plugin: Sending char 'e', code 0x65, shift false
2022/11/11 16:15:17 packer-builder-qemu plugin: Sending char 'r', code 0x72, shift false
2022/11/11 16:15:17 packer-builder-qemu plugin: Sending char '/', code 0x2F, shift false
2022/11/11 16:15:17 packer-builder-qemu plugin: Sending char 'i', code 0x69, shift false
2022/11/11 16:15:17 packer-builder-qemu plugin: Sending char 'n', code 0x6E, shift false
2022/11/11 16:15:18 packer-builder-qemu plugin: Sending char 'i', code 0x69, shift false
2022/11/11 16:15:18 packer-builder-qemu plugin: Sending char 't', code 0x74, shift false
2022/11/11 16:15:18 packer-builder-qemu plugin: Sending char 'r', code 0x72, shift false
2022/11/11 16:15:18 packer-builder-qemu plugin: Sending char 'd', code 0x64, shift false
2022/11/11 16:15:18 packer-builder-qemu plugin: Special code '<enter>' found, replacing with: 0xFF0D
2022/11/11 16:15:19 packer-builder-qemu plugin: [INFO] Waiting 3s
2022/11/11 16:15:22 packer-builder-qemu plugin: Sending char 'b', code 0x62, shift false
2022/11/11 16:15:22 packer-builder-qemu plugin: Sending char 'o', code 0x6F, shift false
2022/11/11 16:15:22 packer-builder-qemu plugin: Sending char 'o', code 0x6F, shift false
2022/11/11 16:15:22 packer-builder-qemu plugin: Sending char 't', code 0x74, shift false
2022/11/11 16:15:22 packer-builder-qemu plugin: Special code '<enter>' found, replacing with: 0xFF0D
2022/11/11 16:15:23 packer-builder-qemu plugin: [INFO] Waiting 1s
2022/11/11 16:15:24 ui: [0;32m    qemu.base: Not using a NetBridge -- skipping StepWaitGuestAddress[0m
2022/11/11 16:15:24 ui: [1;32m==> qemu.base: Using SSH communicator to connect: 127.0.0.1[0m
2022/11/11 16:15:24 packer-builder-qemu plugin: [INFO] Waiting for SSH, up to timeout: 1h0m0s
2022/11/11 16:15:24 ui: [1;32m==> qemu.base: Waiting for SSH to become available...[0m
2022/11/11 16:15:24 packer-builder-qemu plugin: [INFO] Attempting SSH connection to 127.0.0.1:3225...
2022/11/11 16:15:24 packer-builder-qemu plugin: [DEBUG] reconnecting to TCP connection for SSH
2022/11/11 16:15:24 packer-builder-qemu plugin: [DEBUG] handshaking with SSH
2022/11/11 16:15:43 packer-builder-qemu plugin: [DEBUG] SSH handshake err: ssh: handshake failed: read tcp 127.0.0.1:51778->127.0.0.1:3225: read: connection reset by peer
2022/11/11 16:15:50 packer-builder-qemu plugin: [INFO] Attempting SSH connection to 127.0.0.1:3225...
2022/11/11 16:15:50 packer-builder-qemu plugin: [DEBUG] reconnecting to TCP connection for SSH
2022/11/11 16:15:50 packer-builder-qemu plugin: [DEBUG] handshaking with SSH
2022/11/11 16:15:50 packer-builder-qemu plugin: [DEBUG] SSH handshake err: ssh: handshake failed: read tcp 127.0.0.1:39448->127.0.0.1:3225: read: connection reset by peer
2022/11/11 16:15:57 packer-builder-qemu plugin: [INFO] Attempting SSH connection to 127.0.0.1:3225...
2022/11/11 16:15:57 packer-builder-qemu plugin: [DEBUG] reconnecting to TCP connection for SSH
2022/11/11 16:15:57 packer-builder-qemu plugin: [DEBUG] handshaking with SSH
2022/11/11 16:15:59 packer-builder-qemu plugin: [DEBUG] SSH handshake err: ssh: handshake failed: ssh: unable to authenticate, attempted methods [none password], no supported methods remain
2022/11/11 16:15:59 packer-builder-qemu plugin: [DEBUG] Detected authentication error. Increasing handshake attempts.
2022/11/11 16:16:06 packer-builder-qemu plugin: [INFO] Attempting SSH connection to 127.0.0.1:3225...
2022/11/11 16:16:06 packer-builder-qemu plugin: [DEBUG] reconnecting to TCP connection for SSH
2022/11/11 16:16:06 packer-builder-qemu plugin: [DEBUG] handshaking with SSH
2022/11/11 16:16:08 packer-builder-qemu plugin: [DEBUG] SSH handshake err: ssh: handshake failed: ssh: unable to authenticate, attempted methods [none password], no supported methods remain
2022/11/11 16:16:08 packer-builder-qemu plugin: [DEBUG] Detected authentication error. Increasing handshake attempts.
2022/11/11 16:16:15 packer-builder-qemu plugin: [INFO] Attempting SSH connection to 127.0.0.1:3225...
2022/11/11 16:16:15 packer-builder-qemu plugin: [DEBUG] reconnecting to TCP connection for SSH
2022/11/11 16:16:15 packer-builder-qemu plugin: [DEBUG] handshaking with SSH
2022/11/11 16:16:19 packer-builder-qemu plugin: [DEBUG] SSH handshake err: ssh: handshake failed: ssh: unable to authenticate, attempted methods [none password], no supported methods remain
2022/11/11 16:16:19 packer-builder-qemu plugin: [DEBUG] Detected authentication error. Increasing handshake attempts.
2022/11/11 16:16:26 packer-builder-qemu plugin: [INFO] Attempting SSH connection to 127.0.0.1:3225...
2022/11/11 16:16:26 packer-builder-qemu plugin: [DEBUG] reconnecting to TCP connection for SSH
2022/11/11 16:16:26 packer-builder-qemu plugin: [DEBUG] handshaking with SSH
2022/11/11 16:16:31 packer-builder-qemu plugin: [DEBUG] SSH handshake err: ssh: handshake failed: ssh: unable to authenticate, attempted methods [none password], no supported methods remain
2022/11/11 16:16:31 packer-builder-qemu plugin: [DEBUG] Detected authentication error. Increasing handshake attempts.
2022/11/11 16:16:38 packer-builder-qemu plugin: [INFO] Attempting SSH connection to 127.0.0.1:3225...
2022/11/11 16:16:38 packer-builder-qemu plugin: [DEBUG] reconnecting to TCP connection for SSH
2022/11/11 16:16:38 packer-builder-qemu plugin: [DEBUG] handshaking with SSH
2022/11/11 16:16:42 packer-builder-qemu plugin: [DEBUG] SSH handshake err: ssh: handshake failed: ssh: unable to authenticate, attempted methods [none password], no supported methods remain
2022/11/11 16:16:42 packer-builder-qemu plugin: [DEBUG] Detected authentication error. Increasing handshake attempts.
2022/11/11 16:16:49 packer-builder-qemu plugin: [INFO] Attempting SSH connection to 127.0.0.1:3225...
2022/11/11 16:16:49 packer-builder-qemu plugin: [DEBUG] reconnecting to TCP connection for SSH
2022/11/11 16:16:49 packer-builder-qemu plugin: [DEBUG] handshaking with SSH
2022/11/11 16:16:53 packer-builder-qemu plugin: [DEBUG] SSH handshake err: ssh: handshake failed: ssh: unable to authenticate, attempted methods [none password], no supported methods remain
2022/11/11 16:16:53 packer-builder-qemu plugin: [DEBUG] Detected authentication error. Increasing handshake attempts.
2022/11/11 16:17:00 packer-builder-qemu plugin: [INFO] Attempting SSH connection to 127.0.0.1:3225...
2022/11/11 16:17:00 packer-builder-qemu plugin: [DEBUG] reconnecting to TCP connection for SSH
2022/11/11 16:17:00 packer-builder-qemu plugin: [DEBUG] handshaking with SSH
2022/11/11 16:17:04 packer-builder-qemu plugin: [DEBUG] SSH handshake err: ssh: handshake failed: ssh: unable to authenticate, attempted methods [none password], no supported methods remain
2022/11/11 16:17:04 packer-builder-qemu plugin: [DEBUG] Detected authentication error. Increasing handshake attempts.
2022/11/11 16:17:11 packer-builder-qemu plugin: [INFO] Attempting SSH connection to 127.0.0.1:3225...
2022/11/11 16:17:11 packer-builder-qemu plugin: [DEBUG] reconnecting to TCP connection for SSH
2022/11/11 16:17:11 packer-builder-qemu plugin: [DEBUG] handshaking with SSH
2022/11/11 16:17:15 packer-builder-qemu plugin: [DEBUG] SSH handshake err: ssh: handshake failed: ssh: unable to authenticate, attempted methods [none password], no supported methods remain
2022/11/11 16:17:15 packer-builder-qemu plugin: [DEBUG] Detected authentication error. Increasing handshake attempts.
2022/11/11 16:17:22 packer-builder-qemu plugin: [INFO] Attempting SSH connection to 127.0.0.1:3225...
2022/11/11 16:17:22 packer-builder-qemu plugin: [DEBUG] reconnecting to TCP connection for SSH
2022/11/11 16:17:22 packer-builder-qemu plugin: [DEBUG] handshaking with SSH
2022/11/11 16:17:27 packer-builder-qemu plugin: [DEBUG] SSH handshake err: ssh: handshake failed: ssh: unable to authenticate, attempted methods [none password], no supported methods remain
2022/11/11 16:17:27 packer-builder-qemu plugin: [DEBUG] Detected authentication error. Increasing handshake attempts.
2022/11/11 16:17:34 packer-builder-qemu plugin: [INFO] Attempting SSH connection to 127.0.0.1:3225...
2022/11/11 16:17:34 packer-builder-qemu plugin: [DEBUG] reconnecting to TCP connection for SSH
2022/11/11 16:17:34 packer-builder-qemu plugin: [DEBUG] handshaking with SSH
2022/11/11 16:17:36 packer-builder-qemu plugin: [DEBUG] SSH handshake err: ssh: handshake failed: ssh: unable to authenticate, attempted methods [none password], no supported methods remain
2022/11/11 16:17:36 packer-builder-qemu plugin: [DEBUG] Detected authentication error. Increasing handshake attempts.
2022/11/11 16:17:43 packer-builder-qemu plugin: [INFO] Attempting SSH connection to 127.0.0.1:3225...
2022/11/11 16:17:43 packer-builder-qemu plugin: [DEBUG] reconnecting to TCP connection for SSH
2022/11/11 16:17:43 packer-builder-qemu plugin: [DEBUG] handshaking with SSH
2022/11/11 16:17:45 packer-builder-qemu plugin: [DEBUG] SSH handshake err: ssh: handshake failed: ssh: unable to authenticate, attempted methods [none password], no supported methods remain
2022/11/11 16:17:45 packer-builder-qemu plugin: [DEBUG] Detected authentication error. Increasing handshake attempts.
2022/11/11 16:17:52 packer-builder-qemu plugin: [INFO] Attempting SSH connection to 127.0.0.1:3225...
2022/11/11 16:17:52 packer-builder-qemu plugin: [DEBUG] reconnecting to TCP connection for SSH
2022/11/11 16:17:52 packer-builder-qemu plugin: [DEBUG] handshaking with SSH
2022/11/11 16:17:54 packer-builder-qemu plugin: [DEBUG] SSH handshake err: ssh: handshake failed: ssh: unable to authenticate, attempted methods [none password], no supported methods remain
2022/11/11 16:17:54 packer-builder-qemu plugin: [DEBUG] Detected authentication error. Increasing handshake attempts.
2022/11/11 16:18:01 packer-builder-qemu plugin: [INFO] Attempting SSH connection to 127.0.0.1:3225...
2022/11/11 16:18:01 packer-builder-qemu plugin: [DEBUG] reconnecting to TCP connection for SSH
2022/11/11 16:18:01 packer-builder-qemu plugin: [DEBUG] handshaking with SSH
2022/11/11 16:18:03 packer-builder-qemu plugin: [DEBUG] SSH handshake err: ssh: handshake failed: ssh: unable to authenticate, attempted methods [none password], no supported methods remain
2022/11/11 16:18:03 packer-builder-qemu plugin: [DEBUG] Detected authentication error. Increasing handshake attempts.
2022/11/11 16:18:10 packer-builder-qemu plugin: [INFO] Attempting SSH connection to 127.0.0.1:3225...
2022/11/11 16:18:10 packer-builder-qemu plugin: [DEBUG] reconnecting to TCP connection for SSH
2022/11/11 16:18:10 packer-builder-qemu plugin: [DEBUG] handshaking with SSH
2022/11/11 16:18:14 packer-builder-qemu plugin: [DEBUG] SSH handshake err: ssh: handshake failed: ssh: unable to authenticate, attempted methods [none password], no supported methods remain
2022/11/11 16:18:14 packer-builder-qemu plugin: [DEBUG] Detected authentication error. Increasing handshake attempts.
2022/11/11 16:18:21 packer-builder-qemu plugin: [INFO] Attempting SSH connection to 127.0.0.1:3225...
2022/11/11 16:18:21 packer-builder-qemu plugin: [DEBUG] reconnecting to TCP connection for SSH
2022/11/11 16:18:21 packer-builder-qemu plugin: [DEBUG] handshaking with SSH
2022/11/11 16:18:23 packer-builder-qemu plugin: [DEBUG] SSH handshake err: ssh: handshake failed: ssh: unable to authenticate, attempted methods [none password], no supported methods remain
2022/11/11 16:18:23 packer-builder-qemu plugin: [DEBUG] Detected authentication error. Increasing handshake attempts.
2022/11/11 16:18:30 packer-builder-qemu plugin: [INFO] Attempting SSH connection to 127.0.0.1:3225...
2022/11/11 16:18:30 packer-builder-qemu plugin: [DEBUG] reconnecting to TCP connection for SSH
2022/11/11 16:18:30 packer-builder-qemu plugin: [DEBUG] handshaking with SSH
2022/11/11 16:18:34 packer-builder-qemu plugin: [DEBUG] SSH handshake err: ssh: handshake failed: ssh: unable to authenticate, attempted methods [none password], no supported methods remain
2022/11/11 16:18:34 packer-builder-qemu plugin: [DEBUG] Detected authentication error. Increasing handshake attempts.
2022/11/11 16:18:41 packer-builder-qemu plugin: [INFO] Attempting SSH connection to 127.0.0.1:3225...
2022/11/11 16:18:41 packer-builder-qemu plugin: [DEBUG] reconnecting to TCP connection for SSH
2022/11/11 16:18:41 packer-builder-qemu plugin: [DEBUG] handshaking with SSH
2022/11/11 16:18:46 packer-builder-qemu plugin: [DEBUG] SSH handshake err: ssh: handshake failed: ssh: unable to authenticate, attempted methods [none password], no supported methods remain
2022/11/11 16:18:46 packer-builder-qemu plugin: [DEBUG] Detected authentication error. Increasing handshake attempts.
2022/11/11 16:18:53 packer-builder-qemu plugin: [INFO] Attempting SSH connection to 127.0.0.1:3225...
2022/11/11 16:18:53 packer-builder-qemu plugin: [DEBUG] reconnecting to TCP connection for SSH
2022/11/11 16:18:53 packer-builder-qemu plugin: [DEBUG] handshaking with SSH
2022/11/11 16:18:57 packer-builder-qemu plugin: [DEBUG] SSH handshake err: ssh: handshake failed: ssh: unable to authenticate, attempted methods [none password], no supported methods remain
2022/11/11 16:18:57 packer-builder-qemu plugin: [DEBUG] Detected authentication error. Increasing handshake attempts.
2022/11/11 16:19:04 packer-builder-qemu plugin: [INFO] Attempting SSH connection to 127.0.0.1:3225...
2022/11/11 16:19:04 packer-builder-qemu plugin: [DEBUG] reconnecting to TCP connection for SSH
2022/11/11 16:19:04 packer-builder-qemu plugin: [DEBUG] handshaking with SSH
2022/11/11 16:19:08 packer-builder-qemu plugin: [DEBUG] SSH handshake err: ssh: handshake failed: ssh: unable to authenticate, attempted methods [none password], no supported methods remain
2022/11/11 16:19:08 packer-builder-qemu plugin: [DEBUG] Detected authentication error. Increasing handshake attempts.
2022/11/11 16:19:15 packer-builder-qemu plugin: [INFO] Attempting SSH connection to 127.0.0.1:3225...
2022/11/11 16:19:15 packer-builder-qemu plugin: [DEBUG] reconnecting to TCP connection for SSH
2022/11/11 16:19:15 packer-builder-qemu plugin: [DEBUG] handshaking with SSH
2022/11/11 16:19:17 packer-builder-qemu plugin: [DEBUG] SSH handshake err: ssh: handshake failed: ssh: unable to authenticate, attempted methods [none password], no supported methods remain
2022/11/11 16:19:17 packer-builder-qemu plugin: [DEBUG] Detected authentication error. Increasing handshake attempts.
2022/11/11 16:19:24 packer-builder-qemu plugin: [INFO] Attempting SSH connection to 127.0.0.1:3225...
2022/11/11 16:19:24 packer-builder-qemu plugin: [DEBUG] reconnecting to TCP connection for SSH
2022/11/11 16:19:24 packer-builder-qemu plugin: [DEBUG] handshaking with SSH
2022/11/11 16:19:28 packer-builder-qemu plugin: [DEBUG] SSH handshake err: ssh: handshake failed: ssh: unable to authenticate, attempted methods [none password], no supported methods remain
2022/11/11 16:19:28 packer-builder-qemu plugin: [DEBUG] Detected authentication error. Increasing handshake attempts.
2022/11/11 16:19:35 packer-builder-qemu plugin: [INFO] Attempting SSH connection to 127.0.0.1:3225...
2022/11/11 16:19:35 packer-builder-qemu plugin: [DEBUG] reconnecting to TCP connection for SSH
2022/11/11 16:19:35 packer-builder-qemu plugin: [DEBUG] handshaking with SSH
2022/11/11 16:19:39 packer-builder-qemu plugin: [DEBUG] SSH handshake err: ssh: handshake failed: ssh: unable to authenticate, attempted methods [none password], no supported methods remain
2022/11/11 16:19:39 packer-builder-qemu plugin: [DEBUG] Detected authentication error. Increasing handshake attempts.
2022/11/11 16:19:46 packer-builder-qemu plugin: [INFO] Attempting SSH connection to 127.0.0.1:3225...
2022/11/11 16:19:46 packer-builder-qemu plugin: [DEBUG] reconnecting to TCP connection for SSH
2022/11/11 16:19:46 packer-builder-qemu plugin: [DEBUG] handshaking with SSH
2022/11/11 16:19:51 packer-builder-qemu plugin: [DEBUG] SSH handshake err: ssh: handshake failed: ssh: unable to authenticate, attempted methods [none password], no supported methods remain
2022/11/11 16:19:51 packer-builder-qemu plugin: [DEBUG] Detected authentication error. Increasing handshake attempts.
2022/11/11 16:19:58 packer-builder-qemu plugin: [INFO] Attempting SSH connection to 127.0.0.1:3225...
2022/11/11 16:19:58 packer-builder-qemu plugin: [DEBUG] reconnecting to TCP connection for SSH
2022/11/11 16:19:58 packer-builder-qemu plugin: [DEBUG] handshaking with SSH
2022/11/11 16:20:02 packer-builder-qemu plugin: [DEBUG] SSH handshake err: ssh: handshake failed: ssh: unable to authenticate, attempted methods [none password], no supported methods remain
2022/11/11 16:20:02 packer-builder-qemu plugin: [DEBUG] Detected authentication error. Increasing handshake attempts.
2022/11/11 16:20:09 packer-builder-qemu plugin: [INFO] Attempting SSH connection to 127.0.0.1:3225...
2022/11/11 16:20:09 packer-builder-qemu plugin: [DEBUG] reconnecting to TCP connection for SSH
2022/11/11 16:20:09 packer-builder-qemu plugin: [DEBUG] handshaking with SSH
2022/11/11 16:20:11 packer-builder-qemu plugin: [DEBUG] SSH handshake err: ssh: handshake failed: ssh: unable to authenticate, attempted methods [none password], no supported methods remain
2022/11/11 16:20:11 packer-builder-qemu plugin: [DEBUG] Detected authentication error. Increasing handshake attempts.
2022/11/11 16:20:18 packer-builder-qemu plugin: [INFO] Attempting SSH connection to 127.0.0.1:3225...
2022/11/11 16:20:18 packer-builder-qemu plugin: [DEBUG] reconnecting to TCP connection for SSH
2022/11/11 16:20:18 packer-builder-qemu plugin: [DEBUG] handshaking with SSH
2022/11/11 16:20:22 packer-builder-qemu plugin: [DEBUG] SSH handshake err: ssh: handshake failed: ssh: unable to authenticate, attempted methods [none password], no supported methods remain
2022/11/11 16:20:22 packer-builder-qemu plugin: [DEBUG] Detected authentication error. Increasing handshake attempts.
2022/11/11 16:20:26 packer-post-processor-shell-local plugin: Received interrupt signal (count: 1). Ignoring.
2022/11/11 16:20:26 packer-builder-qemu plugin: Received interrupt signal (count: 1). Ignoring.
2022/11/11 16:20:26 packer-post-processor-shell-local plugin: Received interrupt signal (count: 1). Ignoring.
2022/11/11 16:20:26 packer-builder-qemu plugin: Qemu stderr: qemu-system-x86_64: terminating on signal 15 from pid 2231139 (/bin/bash)
2022/11/11 16:20:26 ui error: Cancelling build after receiving terminated
2022/11/11 16:20:26 Cancelling builder after context cancellation context canceled
2022/11/11 16:20:26 packer-provisioner-ansible plugin: Received interrupt signal (count: 1). Ignoring.
2022/11/11 16:20:26 packer-builder-qemu plugin: [WARN] Interrupt detected, quitting waiting for SSH.
2022/11/11 16:20:26 packer-builder-qemu plugin: [DEBUG] SSH wait cancelled. Exiting loop.
2022/11/11 16:20:26 packer-builder-qemu plugin: failed to unlock port lockfile: close tcp 127.0.0.1:5922: use of closed network connection
2022/11/11 16:20:26 packer-builder-qemu plugin: failed to unlock port lockfile: close tcp 127.0.0.1:3225: use of closed network connection
2022/11/11 16:20:26 ui: [1;32m==> qemu.base: Deleting output directory...[0m
2022/11/11 16:20:26 [INFO] (telemetry) ending qemu.base
2022/11/11 16:20:26 ui error: [1;31mBuild 'qemu.base' errored after 6 minutes 8 seconds: Build was cancelled.[0m
2022/11/11 16:20:26 Waiting on builds to complete...
2022/11/11 16:20:26 ui: 
==> Wait completed after 6 minutes 8 seconds
2022/11/11 16:20:26 ui: Cleanly cancelled builds after being interrupted.
2022/11/11 16:20:26 [INFO] (telemetry) Finalizing.
2022/11/11 16:20:27 waiting for all plugin processes to complete...
2022/11/11 16:20:27 /usr/bin/packer: plugin process exited
2022/11/11 16:20:27 /usr/bin/packer: plugin process exited
2022/11/11 16:20:27 /usr/bin/packer: plugin process exited
2022/11/11 16:20:27 /usr/bin/packer: plugin process exited
